# JRE version: OpenJDK Runtime Environment Temurin-21.0.9+10 (21.0.9+10) (build 21.0.9+10-LTS)
# Java VM: OpenJDK 64-Bit Server VM Temurin-21.0.9+10 (21.0.9+10-LTS, mixed mode, sharing, tiered, compressed oops, compressed class ptrs, parallel gc, windows-amd64)
GC Precious Log:
 CardTable entry size: 512
 CPUs: 8 total, 8 available
 Memory: 7859M
 Large Page Support: Disabled
 NUMA Support: Disabled
 Compressed Oops: Enabled (32-bit)
 Alignments: Space 512K, Generation 512K, Heap 2M
 Heap Min Capacity: 100M
 Heap Initial Capacity: 100M
 Heap Max Capacity: 2G
 Pre-touch: Disabled
 Parallel Workers: 8
Heap:
 PSYoungGen      total 8704K, used 7433K [0x00000000d5580000, 0x00000000d5f80000, 0x0000000100000000)
  eden space 8192K, 84% used [0x00000000d5580000,0x00000000d5c424a0,0x00000000d5d80000)
  from space 512K, 100% used [0x00000000d5e00000,0x00000000d5e80000,0x00000000d5e80000)
  to   space 1024K, 0% used [0x00000000d5e80000,0x00000000d5e80000,0x00000000d5f80000)
 ParOldGen       total 85504K, used 70494K [0x0000000080000000, 0x0000000085380000, 0x00000000d5580000)
  object space 85504K, 82% used [0x0000000080000000,0x00000000844d7860,0x0000000085380000)
 Metaspace       used 62670K, committed 64064K, reserved 1114112K
  class space    used 6661K, committed 7232K, reserved 1048576K
GC Heap History (20 events):
Event: 27.174 GC heap before
{Heap before GC invocations=119 (full 3):
 PSYoungGen      total 10240K, used 10169K [0x00000000d5580000, 0x00000000d6100000, 0x0000000100000000)
  eden space 8704K, 100% used [0x00000000d5580000,0x00000000d5e00000,0x00000000d5e00000)
  from space 1536K, 95% used [0x00000000d5e00000,0x00000000d5f6e488,0x00000000d5f80000)
  to   space 1536K, 0% used [0x00000000d5f80000,0x00000000d5f80000,0x00000000d6100000)
 ParOldGen       total 85504K, used 68074K [0x0000000080000000, 0x0000000085380000, 0x00000000d5580000)
  object space 85504K, 79% used [0x0000000080000000,0x000000008427abf8,0x0000000085380000)
 Metaspace       used 59066K, committed 60416K, reserved 1114112K
  class space    used 6356K, committed 6912K, reserved 1048576K
}
Event: 27.179 GC heap after
{Heap after GC invocations=119 (full 3):
 PSYoungGen      total 9728K, used 1507K [0x00000000d5580000, 0x00000000d6200000, 0x0000000100000000)
  eden space 8192K, 0% used [0x00000000d5580000,0x00000000d5580000,0x00000000d5d80000)
  from space 1536K, 98% used [0x00000000d5f80000,0x00000000d60f8cb0,0x00000000d6100000)
  to   space 2048K, 0% used [0x00000000d5d80000,0x00000000d5d80000,0x00000000d5f80000)
 ParOldGen       total 85504K, used 68500K [0x0000000080000000, 0x0000000085380000, 0x00000000d5580000)
  object space 85504K, 80% used [0x0000000080000000,0x00000000842e5360,0x0000000085380000)
 Metaspace       used 59066K, committed 60416K, reserved 1114112K
  class space    used 6356K, committed 6912K, reserved 1048576K
}
Event: 27.223 GC heap before
{Heap before GC invocations=120 (full 3):
 PSYoungGen      total 9728K, used 9699K [0x00000000d5580000, 0x00000000d6200000, 0x0000000100000000)
  eden space 8192K, 100% used [0x00000000d5580000,0x00000000d5d80000,0x00000000d5d80000)
  from space 1536K, 98% used [0x00000000d5f80000,0x00000000d60f8cb0,0x00000000d6100000)
  to   space 2048K, 0% used [0x00000000d5d80000,0x00000000d5d80000,0x00000000d5f80000)
 ParOldGen       total 85504K, used 68500K [0x0000000080000000, 0x0000000085380000, 0x00000000d5580000)
  object space 85504K, 80% used [0x0000000080000000,0x00000000842e5360,0x0000000085380000)
 Metaspace       used 59089K, committed 60416K, reserved 1114112K
  class space    used 6356K, committed 6912K, reserved 1048576K
}
Event: 27.225 GC heap after
{Heap after GC invocations=120 (full 3):
 PSYoungGen      total 9728K, used 1033K [0x00000000d5580000, 0x00000000d6080000, 0x0000000100000000)
  eden space 8192K, 0% used [0x00000000d5580000,0x00000000d5580000,0x00000000d5d80000)
  from space 1536K, 67% used [0x00000000d5d80000,0x00000000d5e827a8,0x00000000d5f00000)
  to   space 1536K, 0% used [0x00000000d5f00000,0x00000000d5f00000,0x00000000d6080000)
 ParOldGen       total 85504K, used 69025K [0x0000000080000000, 0x0000000085380000, 0x00000000d5580000)
  object space 85504K, 80% used [0x0000000080000000,0x0000000084368570,0x0000000085380000)
 Metaspace       used 59089K, committed 60416K, reserved 1114112K
  class space    used 6356K, committed 6912K, reserved 1048576K
}
Event: 27.258 GC heap before
{Heap before GC invocations=121 (full 3):
 PSYoungGen      total 9728K, used 9225K [0x00000000d5580000, 0x00000000d6080000, 0x0000000100000000)
  eden space 8192K, 100% used [0x00000000d5580000,0x00000000d5d80000,0x00000000d5d80000)
  from space 1536K, 67% used [0x00000000d5d80000,0x00000000d5e827a8,0x00000000d5f00000)
  to   space 1536K, 0% used [0x00000000d5f00000,0x00000000d5f00000,0x00000000d6080000)
 ParOldGen       total 85504K, used 69025K [0x0000000080000000, 0x0000000085380000, 0x00000000d5580000)
  object space 85504K, 80% used [0x0000000080000000,0x0000000084368570,0x0000000085380000)
 Metaspace       used 59122K, committed 60480K, reserved 1114112K
  class space    used 6357K, committed 6912K, reserved 1048576K
}
Event: 27.261 GC heap after
{Heap after GC invocations=121 (full 3):
 PSYoungGen      total 9728K, used 1132K [0x00000000d5580000, 0x00000000d6080000, 0x0000000100000000)
  eden space 8192K, 0% used [0x00000000d5580000,0x00000000d5580000,0x00000000d5d80000)
  from space 1536K, 73% used [0x00000000d5f00000,0x00000000d601b140,0x00000000d6080000)
  to   space 1536K, 0% used [0x00000000d5d80000,0x00000000d5d80000,0x00000000d5f00000)
 ParOldGen       total 85504K, used 69193K [0x0000000080000000, 0x0000000085380000, 0x00000000d5580000)
  object space 85504K, 80% used [0x0000000080000000,0x0000000084392570,0x0000000085380000)
 Metaspace       used 59122K, committed 60480K, reserved 1114112K
  class space    used 6357K, committed 6912K, reserved 1048576K
}
Event: 27.380 GC heap before
{Heap before GC invocations=122 (full 3):
 PSYoungGen      total 9728K, used 9324K [0x00000000d5580000, 0x00000000d6080000, 0x0000000100000000)
  eden space 8192K, 100% used [0x00000000d5580000,0x00000000d5d80000,0x00000000d5d80000)
  from space 1536K, 73% used [0x00000000d5f00000,0x00000000d601b140,0x00000000d6080000)
  to   space 1536K, 0% used [0x00000000d5d80000,0x00000000d5d80000,0x00000000d5f00000)
 ParOldGen       total 85504K, used 69193K [0x0000000080000000, 0x0000000085380000, 0x00000000d5580000)
  object space 85504K, 80% used [0x0000000080000000,0x0000000084392570,0x0000000085380000)
 Metaspace       used 59921K, committed 61376K, reserved 1114112K
  class space    used 6432K, committed 7040K, reserved 1048576K
}
Event: 27.383 GC heap after
{Heap after GC invocations=122 (full 3):
 PSYoungGen      total 8704K, used 288K [0x00000000d5580000, 0x00000000d5f80000, 0x0000000100000000)
  eden space 8192K, 0% used [0x00000000d5580000,0x00000000d5580000,0x00000000d5d80000)
  from space 512K, 56% used [0x00000000d5d80000,0x00000000d5dc8000,0x00000000d5e00000)
  to   space 1024K, 0% used [0x00000000d5e80000,0x00000000d5e80000,0x00000000d5f80000)
 ParOldGen       total 85504K, used 69297K [0x0000000080000000, 0x0000000085380000, 0x00000000d5580000)
  object space 85504K, 81% used [0x0000000080000000,0x00000000843ac570,0x0000000085380000)
 Metaspace       used 59921K, committed 61376K, reserved 1114112K
  class space    used 6432K, committed 7040K, reserved 1048576K
}
Event: 27.543 GC heap before
{Heap before GC invocations=123 (full 3):
 PSYoungGen      total 8704K, used 8480K [0x00000000d5580000, 0x00000000d5f80000, 0x0000000100000000)
  eden space 8192K, 100% used [0x00000000d5580000,0x00000000d5d80000,0x00000000d5d80000)
  from space 512K, 56% used [0x00000000d5d80000,0x00000000d5dc8000,0x00000000d5e00000)
  to   space 1024K, 0% used [0x00000000d5e80000,0x00000000d5e80000,0x00000000d5f80000)
 ParOldGen       total 85504K, used 69297K [0x0000000080000000, 0x0000000085380000, 0x00000000d5580000)
  object space 85504K, 81% used [0x0000000080000000,0x00000000843ac570,0x0000000085380000)
 Metaspace       used 60919K, committed 62336K, reserved 1114112K
  class space    used 6522K, committed 7104K, reserved 1048576K
}
Event: 27.546 GC heap after
{Heap after GC invocations=123 (full 3):
 PSYoungGen      total 8704K, used 448K [0x00000000d5580000, 0x00000000d5f00000, 0x0000000100000000)
  eden space 8192K, 0% used [0x00000000d5580000,0x00000000d5580000,0x00000000d5d80000)
  from space 512K, 87% used [0x00000000d5e80000,0x00000000d5ef0020,0x00000000d5f00000)
  to   space 512K, 0% used [0x00000000d5d80000,0x00000000d5d80000,0x00000000d5e00000)
 ParOldGen       total 85504K, used 69489K [0x0000000080000000, 0x0000000085380000, 0x00000000d5580000)
  object space 85504K, 81% used [0x0000000080000000,0x00000000843dc570,0x0000000085380000)
 Metaspace       used 60919K, committed 62336K, reserved 1114112K
  class space    used 6522K, committed 7104K, reserved 1048576K
}
Event: 27.862 GC heap before
{Heap before GC invocations=124 (full 3):
 PSYoungGen      total 8704K, used 8640K [0x00000000d5580000, 0x00000000d5f00000, 0x0000000100000000)
  eden space 8192K, 100% used [0x00000000d5580000,0x00000000d5d80000,0x00000000d5d80000)
  from space 512K, 87% used [0x00000000d5e80000,0x00000000d5ef0020,0x00000000d5f00000)
  to   space 512K, 0% used [0x00000000d5d80000,0x00000000d5d80000,0x00000000d5e00000)
 ParOldGen       total 85504K, used 69489K [0x0000000080000000, 0x0000000085380000, 0x00000000d5580000)
  object space 85504K, 81% used [0x0000000080000000,0x00000000843dc570,0x0000000085380000)
 Metaspace       used 61335K, committed 62784K, reserved 1114112K
  class space    used 6563K, committed 7168K, reserved 1048576K
}
Event: 27.864 GC heap after
{Heap after GC invocations=124 (full 3):
 PSYoungGen      total 8704K, used 416K [0x00000000d5580000, 0x00000000d5f00000, 0x0000000100000000)
  eden space 8192K, 0% used [0x00000000d5580000,0x00000000d5580000,0x00000000d5d80000)
  from space 512K, 81% used [0x00000000d5d80000,0x00000000d5de8020,0x00000000d5e00000)
  to   space 512K, 0% used [0x00000000d5e80000,0x00000000d5e80000,0x00000000d5f00000)
 ParOldGen       total 85504K, used 69761K [0x0000000080000000, 0x0000000085380000, 0x00000000d5580000)
  object space 85504K, 81% used [0x0000000080000000,0x0000000084420590,0x0000000085380000)
 Metaspace       used 61335K, committed 62784K, reserved 1114112K
  class space    used 6563K, committed 7168K, reserved 1048576K
}
Event: 28.116 GC heap before
{Heap before GC invocations=125 (full 3):
 PSYoungGen      total 8704K, used 8608K [0x00000000d5580000, 0x00000000d5f00000, 0x0000000100000000)
  eden space 8192K, 100% used [0x00000000d5580000,0x00000000d5d80000,0x00000000d5d80000)
  from space 512K, 81% used [0x00000000d5d80000,0x00000000d5de8020,0x00000000d5e00000)
  to   space 512K, 0% used [0x00000000d5e80000,0x00000000d5e80000,0x00000000d5f00000)
 ParOldGen       total 85504K, used 69761K [0x0000000080000000, 0x0000000085380000, 0x00000000d5580000)
  object space 85504K, 81% used [0x0000000080000000,0x0000000084420590,0x0000000085380000)
 Metaspace       used 61385K, committed 62848K, reserved 1114112K
  class space    used 6564K, committed 7168K, reserved 1048576K
}
Event: 28.119 GC heap after
{Heap after GC invocations=125 (full 3):
 PSYoungGen      total 8704K, used 484K [0x00000000d5580000, 0x00000000d5f80000, 0x0000000100000000)
  eden space 8192K, 0% used [0x00000000d5580000,0x00000000d5580000,0x00000000d5d80000)
  from space 512K, 94% used [0x00000000d5e80000,0x00000000d5ef90c0,0x00000000d5f00000)
  to   space 1024K, 0% used [0x00000000d5d80000,0x00000000d5d80000,0x00000000d5e80000)
 ParOldGen       total 85504K, used 70142K [0x0000000080000000, 0x0000000085380000, 0x00000000d5580000)
  object space 85504K, 82% used [0x0000000080000000,0x000000008447f860,0x0000000085380000)
 Metaspace       used 61385K, committed 62848K, reserved 1114112K
  class space    used 6564K, committed 7168K, reserved 1048576K
}
Event: 28.194 GC heap before
{Heap before GC invocations=126 (full 3):
 PSYoungGen      total 8704K, used 8516K [0x00000000d5580000, 0x00000000d5f80000, 0x0000000100000000)
  eden space 8192K, 98% used [0x00000000d5580000,0x00000000d5d581d8,0x00000000d5d80000)
  from space 512K, 94% used [0x00000000d5e80000,0x00000000d5ef90c0,0x00000000d5f00000)
  to   space 1024K, 0% used [0x00000000d5d80000,0x00000000d5d80000,0x00000000d5e80000)
 ParOldGen       total 85504K, used 70142K [0x0000000080000000, 0x0000000085380000, 0x00000000d5580000)
  object space 85504K, 82% used [0x0000000080000000,0x000000008447f860,0x0000000085380000)
 Metaspace       used 61399K, committed 62848K, reserved 1114112K
  class space    used 6564K, committed 7168K, reserved 1048576K
}
Event: 28.196 GC heap after
{Heap after GC invocations=126 (full 3):
 PSYoungGen      total 9216K, used 224K [0x00000000d5580000, 0x00000000d5f00000, 0x0000000100000000)
  eden space 8192K, 0% used [0x00000000d5580000,0x00000000d5580000,0x00000000d5d80000)
  from space 1024K, 21% used [0x00000000d5d80000,0x00000000d5db8000,0x00000000d5e80000)
  to   space 512K, 0% used [0x00000000d5e80000,0x00000000d5e80000,0x00000000d5f00000)
 ParOldGen       total 85504K, used 70350K [0x0000000080000000, 0x0000000085380000, 0x00000000d5580000)
  object space 85504K, 82% used [0x0000000080000000,0x00000000844b3860,0x0000000085380000)
 Metaspace       used 61399K, committed 62848K, reserved 1114112K
  class space    used 6564K, committed 7168K, reserved 1048576K
}
Event: 28.829 GC heap before
{Heap before GC invocations=127 (full 3):
 PSYoungGen      total 9216K, used 8416K [0x00000000d5580000, 0x00000000d5f00000, 0x0000000100000000)
  eden space 8192K, 100% used [0x00000000d5580000,0x00000000d5d80000,0x00000000d5d80000)
  from space 1024K, 21% used [0x00000000d5d80000,0x00000000d5db8000,0x00000000d5e80000)
  to   space 512K, 0% used [0x00000000d5e80000,0x00000000d5e80000,0x00000000d5f00000)
 ParOldGen       total 85504K, used 70350K [0x0000000080000000, 0x0000000085380000, 0x00000000d5580000)
  object space 85504K, 82% used [0x0000000080000000,0x00000000844b3860,0x0000000085380000)
 Metaspace       used 61473K, committed 62912K, reserved 1114112K
  class space    used 6565K, committed 7168K, reserved 1048576K
}
Event: 28.832 GC heap after
{Heap after GC invocations=127 (full 3):
 PSYoungGen      total 8704K, used 224K [0x00000000d5580000, 0x00000000d5f00000, 0x0000000100000000)
  eden space 8192K, 0% used [0x00000000d5580000,0x00000000d5580000,0x00000000d5d80000)
  from space 512K, 43% used [0x00000000d5e80000,0x00000000d5eb8000,0x00000000d5f00000)
  to   space 512K, 0% used [0x00000000d5e00000,0x00000000d5e00000,0x00000000d5e80000)
 ParOldGen       total 85504K, used 70414K [0x0000000080000000, 0x0000000085380000, 0x00000000d5580000)
  object space 85504K, 82% used [0x0000000080000000,0x00000000844c3860,0x0000000085380000)
 Metaspace       used 61473K, committed 62912K, reserved 1114112K
  class space    used 6565K, committed 7168K, reserved 1048576K
}
Event: 29.485 GC heap before
{Heap before GC invocations=128 (full 3):
 PSYoungGen      total 8704K, used 8395K [0x00000000d5580000, 0x00000000d5f00000, 0x0000000100000000)
  eden space 8192K, 99% used [0x00000000d5580000,0x00000000d5d7aff8,0x00000000d5d80000)
  from space 512K, 43% used [0x00000000d5e80000,0x00000000d5eb8000,0x00000000d5f00000)
  to   space 512K, 0% used [0x00000000d5e00000,0x00000000d5e00000,0x00000000d5e80000)
 ParOldGen       total 85504K, used 70414K [0x0000000080000000, 0x0000000085380000, 0x00000000d5580000)
  object space 85504K, 82% used [0x0000000080000000,0x00000000844c3860,0x0000000085380000)
 Metaspace       used 62278K, committed 63744K, reserved 1114112K
  class space    used 6629K, committed 7232K, reserved 1048576K
}
Event: 29.489 GC heap after
{Heap after GC invocations=128 (full 3):
 PSYoungGen      total 8704K, used 512K [0x00000000d5580000, 0x00000000d5f80000, 0x0000000100000000)
  eden space 8192K, 0% used [0x00000000d5580000,0x00000000d5580000,0x00000000d5d80000)
  from space 512K, 100% used [0x00000000d5e00000,0x00000000d5e80000,0x00000000d5e80000)
  to   space 1024K, 0% used [0x00000000d5e80000,0x00000000d5e80000,0x00000000d5f80000)
 ParOldGen       total 85504K, used 70494K [0x0000000080000000, 0x0000000085380000, 0x00000000d5580000)
  object space 85504K, 82% used [0x0000000080000000,0x00000000844d7860,0x0000000085380000)
 Metaspace       used 62278K, committed 63744K, reserved 1114112K
  class space    used 6629K, committed 7232K, reserved 1048576K
}

