# JRE version: OpenJDK Runtime Environment Temurin-17.0.14+7 (17.0.14+7) (build 17.0.14+7)
# Java VM: OpenJDK 64-Bit Server VM Temurin-17.0.14+7 (17.0.14+7, mixed mode, sharing, tiered, compressed oops, compressed class ptrs, g1 gc, windows-amd64)
GC Precious Log:
 CPUs: 8 total, 8 available
 Memory: 7859M
 Large Page Support: Disabled
 NUMA Support: Disabled
 Compressed Oops: Enabled (32-bit)
 Heap Region Size: 1M
 Heap Min Capacity: 8M
 Heap Initial Capacity: 124M
 Heap Max Capacity: 1966M
 Pre-touch: Disabled
 Parallel Workers: 8
 Concurrent Workers: 2
 Concurrent Refinement Workers: 8
 Periodic GC: Disabled
Heap:
 garbage-first heap   total 58368K, used 30662K [0x0000000085200000, 0x0000000100000000)
  region size 1024K, 15 young (15360K), 3 survivors (3072K)
 Metaspace       used 31673K, committed 32128K, reserved 1114112K
  class space    used 4135K, committed 4352K, reserved 1048576K
GC Heap History (12 events):
Event: 3.050 GC heap before
{Heap before GC invocations=0 (full 0):
 garbage-first heap   total 126976K, used 23552K [0x0000000085200000, 0x0000000100000000)
  region size 1024K, 23 young (23552K), 0 survivors (0K)
 Metaspace       used 5810K, committed 5952K, reserved 1114112K
  class space    used 712K, committed 768K, reserved 1048576K
}
Event: 3.059 GC heap after
{Heap after GC invocations=1 (full 0):
 garbage-first heap   total 126976K, used 7520K [0x0000000085200000, 0x0000000100000000)
  region size 1024K, 3 young (3072K), 3 survivors (3072K)
 Metaspace       used 5810K, committed 5952K, reserved 1114112K
  class space    used 712K, committed 768K, reserved 1048576K
}
Event: 4.953 GC heap before
{Heap before GC invocations=1 (full 0):
 garbage-first heap   total 126976K, used 34144K [0x0000000085200000, 0x0000000100000000)
  region size 1024K, 29 young (29696K), 3 survivors (3072K)
 Metaspace       used 11788K, committed 12032K, reserved 1114112K
  class space    used 1603K, committed 1728K, reserved 1048576K
}
Event: 4.962 GC heap after
{Heap after GC invocations=2 (full 0):
 garbage-first heap   total 126976K, used 9543K [0x0000000085200000, 0x0000000100000000)
  region size 1024K, 2 young (2048K), 2 survivors (2048K)
 Metaspace       used 11788K, committed 12032K, reserved 1114112K
  class space    used 1603K, committed 1728K, reserved 1048576K
}
Event: 8.018 GC heap before
{Heap before GC invocations=2 (full 0):
 garbage-first heap   total 126976K, used 67911K [0x0000000085200000, 0x0000000100000000)
  region size 1024K, 60 young (61440K), 2 survivors (2048K)
 Metaspace       used 21263K, committed 21504K, reserved 1114112K
  class space    used 2731K, committed 2816K, reserved 1048576K
}
Event: 8.041 GC heap after
{Heap after GC invocations=3 (full 0):
 garbage-first heap   total 126976K, used 14868K [0x0000000085200000, 0x0000000100000000)
  region size 1024K, 8 young (8192K), 8 survivors (8192K)
 Metaspace       used 21263K, committed 21504K, reserved 1114112K
  class space    used 2731K, committed 2816K, reserved 1048576K
}
Event: 9.729 GC heap before
{Heap before GC invocations=4 (full 0):
 garbage-first heap   total 58368K, used 41492K [0x0000000085200000, 0x0000000100000000)
  region size 1024K, 34 young (34816K), 8 survivors (8192K)
 Metaspace       used 24839K, committed 25152K, reserved 1114112K
  class space    used 3210K, committed 3328K, reserved 1048576K
}
Event: 9.762 GC heap after
{Heap after GC invocations=5 (full 0):
 garbage-first heap   total 58368K, used 17108K [0x0000000085200000, 0x0000000100000000)
  region size 1024K, 3 young (3072K), 3 survivors (3072K)
 Metaspace       used 24839K, committed 25152K, reserved 1114112K
  class space    used 3210K, committed 3328K, reserved 1048576K
}
Event: 9.867 GC heap before
{Heap before GC invocations=5 (full 0):
 garbage-first heap   total 58368K, used 18132K [0x0000000085200000, 0x0000000100000000)
  region size 1024K, 4 young (4096K), 3 survivors (3072K)
 Metaspace       used 25086K, committed 25344K, reserved 1114112K
  class space    used 3248K, committed 3392K, reserved 1048576K
}
Event: 9.879 GC heap after
{Heap after GC invocations=6 (full 0):
 garbage-first heap   total 58368K, used 17449K [0x0000000085200000, 0x0000000100000000)
  region size 1024K, 1 young (1024K), 1 survivors (1024K)
 Metaspace       used 25086K, committed 25344K, reserved 1114112K
  class space    used 3248K, committed 3392K, reserved 1048576K
}
Event: 11.481 GC heap before
{Heap before GC invocations=6 (full 0):
 garbage-first heap   total 58368K, used 39977K [0x0000000085200000, 0x0000000100000000)
  region size 1024K, 23 young (23552K), 1 survivors (1024K)
 Metaspace       used 28879K, committed 29248K, reserved 1114112K
  class space    used 3823K, committed 3968K, reserved 1048576K
}
Event: 11.506 GC heap after
{Heap after GC invocations=7 (full 0):
 garbage-first heap   total 58368K, used 19398K [0x0000000085200000, 0x0000000100000000)
  region size 1024K, 3 young (3072K), 3 survivors (3072K)
 Metaspace       used 28879K, committed 29248K, reserved 1114112K
  class space    used 3823K, committed 3968K, reserved 1048576K
}

